<?xml version="1.0" encoding="UTF-8"?>
<testng-results total="1" passed="1" failed="0" skipped="0">
  <reporter-output>
  </reporter-output>
  <suite started-at="2021-02-18T14:06:30Z" name="Suite" finished-at="2021-02-18T14:06:50Z" duration-ms="20316">
    <groups>
      <group name="cucumber">
        <method signature="AbstractTestNGCucumberTests.feature(cucumber.api.testng.CucumberFeatureWrapper)[pri:0, instance:runners.PositiveTest@3c72f59f]" name="feature" class="cucumber.api.testng.AbstractTestNGCucumberTests"/>
      </group> <!-- cucumber -->
    </groups>
    <test started-at="2021-02-18T14:06:30Z" name="Test" finished-at="2021-02-18T14:06:50Z" duration-ms="20316">
      <class name="runners.PositiveTest">
        <test-method is-config="true" signature="setUpClass()[pri:0, instance:runners.PositiveTest@3c72f59f]" started-at="2021-02-18T22:06:30Z" name="setUpClass" finished-at="2021-02-18T22:06:30Z" duration-ms="411" status="PASS">
          <reporter-output>
          </reporter-output>
        </test-method> <!-- setUpClass -->
        <test-method is-config="true" signature="setup()[pri:0, instance:runners.PositiveTest@3c72f59f]" started-at="2021-02-18T22:06:30Z" name="setup" finished-at="2021-02-18T22:06:31Z" duration-ms="424" status="PASS">
          <reporter-output>
          </reporter-output>
        </test-method> <!-- setup -->
        <test-method signature="feature(cucumber.api.testng.CucumberFeatureWrapper)[pri:0, instance:runners.PositiveTest@3c72f59f]" started-at="2021-02-18T22:06:31Z" name="feature" description="Runs Cucumber Feature" data-provider="features" finished-at="2021-02-18T22:06:50Z" duration-ms="19285" status="PASS">
          <params>
            <param index="0">
              <value>
                <![CDATA[SCPlus Login Feature]]>
              </value>
            </param>
          </params>
          <reporter-output>
          </reporter-output>
        </test-method> <!-- feature -->
        <test-method is-config="true" signature="tearDownClass()[pri:0, instance:runners.PositiveTest@3c72f59f]" started-at="2021-02-18T22:06:50Z" name="tearDownClass" finished-at="2021-02-18T22:06:50Z" duration-ms="83" status="PASS">
          <reporter-output>
          </reporter-output>
        </test-method> <!-- tearDownClass -->
      </class> <!-- runners.PositiveTest -->
    </test> <!-- Test -->
  </suite> <!-- Suite -->
</testng-results>
