<?xml version="1.0" encoding="UTF-8"?>
<testng-results ignored="0" total="4" passed="4" failed="0" skipped="0">
  <reporter-output>
  </reporter-output>
  <suite started-at="2020-03-08T15:54:55 SGT" name="Suite" finished-at="2020-03-08T15:56:06 SGT" duration-ms="70261">
    <groups>
    </groups>
    <test started-at="2020-03-08T15:54:55 SGT" name="test" finished-at="2020-03-08T15:54:55 SGT" duration-ms="23">
    </test> <!-- test -->
    <test started-at="2020-03-08T15:54:55 SGT" name="Homepage Testing " finished-at="2020-03-08T15:55:25 SGT" duration-ms="29428">
      <class name="mapSYNQ.HomePage">
        <test-method signature="basePageNavigation(java.lang.String, java.lang.String)[pri:0, instance:mapSYNQ.HomePage@26adfd2d]" started-at="2020-03-08T15:54:56 SGT" name="basePageNavigation" data-provider="getData" finished-at="2020-03-08T15:55:06 SGT" duration-ms="10959" status="PASS">
          <params>
            <param index="0">
              <value>
                <![CDATA[ambika@gmail.com]]>
              </value>
            </param>
            <param index="1">
              <value>
                <![CDATA[1234]]>
              </value>
            </param>
          </params>
          <reporter-output>
          </reporter-output>
        </test-method> <!-- basePageNavigation -->
        <test-method signature="basePageNavigation(java.lang.String, java.lang.String)[pri:0, instance:mapSYNQ.HomePage@26adfd2d]" started-at="2020-03-08T15:55:06 SGT" name="basePageNavigation" data-provider="getData" finished-at="2020-03-08T15:55:25 SGT" duration-ms="18190" status="PASS">
          <params>
            <param index="0">
              <value>
                <![CDATA[abhay@gmail.com]]>
              </value>
            </param>
            <param index="1">
              <value>
                <![CDATA[123456]]>
              </value>
            </param>
          </params>
          <reporter-output>
          </reporter-output>
        </test-method> <!-- basePageNavigation -->
        <test-method is-config="true" signature="teardown()[pri:0, instance:mapSYNQ.HomePage@26adfd2d]" started-at="2020-03-08T15:55:25 SGT" name="teardown" finished-at="2020-03-08T15:55:25 SGT" duration-ms="212" status="PASS">
          <reporter-output>
          </reporter-output>
        </test-method> <!-- teardown -->
      </class> <!-- mapSYNQ.HomePage -->
    </test> <!-- Homepage Testing  -->
    <test started-at="2020-03-08T15:55:25 SGT" name="validtaing registration" finished-at="2020-03-08T15:55:43 SGT" duration-ms="18227">
      <class name="mapSYNQ.ValidateRegistrationForm">
        <test-method signature="validateRegistration()[pri:0, instance:mapSYNQ.ValidateRegistrationForm@39b43d60]" started-at="2020-03-08T15:55:25 SGT" name="validateRegistration" finished-at="2020-03-08T15:55:43 SGT" duration-ms="17748" status="PASS">
          <reporter-output>
          </reporter-output>
        </test-method> <!-- validateRegistration -->
        <test-method is-config="true" signature="teardown()[pri:0, instance:mapSYNQ.ValidateRegistrationForm@39b43d60]" started-at="2020-03-08T15:55:43 SGT" name="teardown" finished-at="2020-03-08T15:55:43 SGT" duration-ms="471" status="PASS">
          <reporter-output>
          </reporter-output>
        </test-method> <!-- teardown -->
      </class> <!-- mapSYNQ.ValidateRegistrationForm -->
    </test> <!-- validtaing registration -->
    <test started-at="2020-03-08T15:55:43 SGT" name="Validate searching " finished-at="2020-03-08T15:56:06 SGT" duration-ms="22289">
      <class name="mapSYNQ.SearchText">
        <test-method signature="validateSearching()[pri:0, instance:mapSYNQ.SearchText@239105a8]" started-at="2020-03-08T15:55:43 SGT" name="validateSearching" finished-at="2020-03-08T15:56:02 SGT" duration-ms="18498" status="PASS">
          <reporter-output>
          </reporter-output>
        </test-method> <!-- validateSearching -->
        <test-method is-config="true" signature="teardown()[pri:0, instance:mapSYNQ.SearchText@239105a8]" started-at="2020-03-08T15:56:02 SGT" name="teardown" finished-at="2020-03-08T15:56:06 SGT" duration-ms="3788" status="PASS">
          <reporter-output>
          </reporter-output>
        </test-method> <!-- teardown -->
      </class> <!-- mapSYNQ.SearchText -->
    </test> <!-- Validate searching  -->
  </suite> <!-- Suite -->
</testng-results>
