<?xml version="1.0" encoding="UTF-8"?>
<!-- Generated by org.testng.reporters.JUnitXMLReporter -->
<testsuite ignored="0" hostname="AMBIKA" failures="1" tests="1" name="validating Registration" time="0.019" errors="0" timestamp="2020-03-07T23:09:42 SGT">
  <testcase classname="mapSYNQ.ValidateRegistrationForm" name="@AfterTest teardown" time="0.0">
    <failure type="java.lang.NullPointerException">
      <![CDATA[java.lang.NullPointerException
at mapSYNQ.ValidateRegistrationForm.teardown(ValidateRegistrationForm.java:38)
... Removed 24 stack frames]]>
    </failure>
  </testcase> <!-- @AfterTest teardown -->
  <testcase classname="mapSYNQ.ValidateRegistrationForm" name="validateRegistration" time="0.0">
    <failure type="org.testng.TestNGException" message="
Cannot inject @Test annotated Method [validateRegistration] with [class java.lang.String, class java.lang.String].
For more information on native dependency injection please refer to http://testng.org/doc/documentation-main.html#native-dependency-injection">
      <![CDATA[org.testng.TestNGException: 
Cannot inject @Test annotated Method [validateRegistration] with [class java.lang.String, class java.lang.String].
For more information on native dependency injection please refer to http://testng.org/doc/documentation-main.html#native-dependency-injection
at java.base/java.util.ArrayList.forEach(ArrayList.java:1540)
... Removed 26 stack frames]]>
    </failure>
  </testcase> <!-- validateRegistration -->
</testsuite> <!-- validating Registration -->
